2020-11-16 23:01:15,216 [main] INFO QA-Masud - ***********> as auser i can open any  browser >**********
2020-11-16 23:01:20,459 [main] INFO QA-Masud - ***********> As a user i can enter the url >**********
2020-11-16 23:01:22,746 [main] INFO QA-Masud - ***********> As a user i can enter user and password >**********
2020-11-16 23:01:22,968 [main] INFO QA-Masud - ***********> As a user i can Click on login button >**********
2020-11-16 23:01:25,291 [main] INFO QA-Masud - ***********> As a user i can verify the Homepage >**********
2020-11-16 23:01:25,343 [main] INFO QA-Masud - ***********> As a user i can click on logout >**********
2020-11-16 23:01:26,396 [main] INFO QA-Masud - ***********> As a user i can see page Title >**********
2020-11-16 23:01:26,412 [main] INFO QA-Masud - ***********> as auser i can open any  browser >**********
2020-11-16 23:01:31,713 [main] INFO QA-Masud - ***********> As a user i can enter the url >**********
2020-11-16 23:01:33,840 [main] INFO QA-Masud - ***********> As a user i can enter user and password >**********
2020-11-16 23:01:34,012 [main] INFO QA-Masud - ***********> As a user i can Click on login button >**********
2020-11-16 23:01:36,389 [main] INFO QA-Masud - ***********> As a user i can verify the Homepage >**********
2020-11-16 23:01:36,413 [main] INFO QA-Masud - ***********> As a user i can click on logout >**********
2020-11-16 23:01:38,272 [main] INFO QA-Masud - ***********> As a user i can see page Title >**********
2020-11-16 23:22:06,505 [main] INFO QA-Masud - ***********> as a user i can open any  browser >**********
2020-11-16 23:22:11,689 [main] INFO QA-Masud - ***********> As a user i can enter the url >**********
2020-11-16 23:22:14,124 [main] INFO QA-Masud - ***********> As a user i can enter user and password >**********
2020-11-16 23:22:14,286 [main] INFO QA-Masud - ***********> As a user i can Click on login button >**********
2020-11-16 23:22:16,850 [main] INFO QA-Masud - ***********> As a user i can verify the Home page >**********
2020-11-16 23:22:16,900 [main] INFO QA-Masud - ***********> As a user i can click on logout >**********
2020-11-16 23:22:18,125 [main] INFO QA-Masud - ***********> As a user i can see page Title >**********
2020-11-16 23:22:18,137 [main] INFO QA-Masud - ***********> as a user i can open any  browser >**********
2020-11-16 23:22:23,446 [main] INFO QA-Masud - ***********> As a user i can enter the url >**********
2020-11-16 23:22:26,005 [main] INFO QA-Masud - ***********> As a user i can enter user and password >**********
2020-11-16 23:22:26,185 [main] INFO QA-Masud - ***********> As a user i can Click on login button >**********
2020-11-16 23:22:28,938 [main] INFO QA-Masud - ***********> As a user i can verify the Home page >**********
2020-11-16 23:22:28,961 [main] INFO QA-Masud - ***********> As a user i can click on logout >**********
2020-11-16 23:22:30,815 [main] INFO QA-Masud - ***********> As a user i can see page Title >**********
2020-11-16 23:28:52,910 [main] INFO QA-Masud - ***********> as a user i can open any  browser >**********
2020-11-16 23:28:58,344 [main] INFO QA-Masud - ***********> As a user i can enter the url >**********
2020-11-16 23:29:00,885 [main] INFO QA-Masud - ***********> As a user i can enter user and password >**********
2020-11-16 23:29:01,061 [main] INFO QA-Masud - ***********> As a user i can Click on login button >**********
2020-11-16 23:29:03,833 [main] INFO QA-Masud - ***********> As a user i can verify the Home page >**********
2020-11-16 23:29:03,886 [main] INFO QA-Masud - ***********> As a user i can click on logout >**********
2020-11-16 23:29:04,902 [main] INFO QA-Masud - ***********> As a user i can see page Title >**********
2020-11-16 23:29:04,911 [main] INFO QA-Masud - ***********> as a user i can open any  browser >**********
2020-11-16 23:29:10,143 [main] INFO QA-Masud - ***********> As a user i can enter the url >**********
2020-11-16 23:29:12,459 [main] INFO QA-Masud - ***********> As a user i can enter user and password >**********
2020-11-16 23:29:12,626 [main] INFO QA-Masud - ***********> As a user i can Click on login button >**********
2020-11-16 23:29:14,834 [main] INFO QA-Masud - ***********> As a user i can verify the Home page >**********
2020-11-16 23:29:14,858 [main] INFO QA-Masud - ***********> As a user i can click on logout >**********
2020-11-16 23:29:15,754 [main] INFO QA-Masud - ***********> As a user i can see page Title >**********
2020-11-17 21:49:06,054 [main] INFO QA-Masud - ***********> as a user i can open any  browser >**********
2020-11-17 21:49:11,531 [main] INFO QA-Masud - ***********> As a user i can enter the url >**********
2020-11-17 21:49:13,228 [main] INFO QA-Masud - ***********> As a user i can enter user and password >**********
2020-11-17 21:49:13,523 [main] INFO QA-Masud - ***********> As a user i can Click on login button >**********
2020-11-17 21:49:16,654 [main] INFO QA-Masud - ***********> As a user i can verify the Home page >**********
2020-11-17 21:49:16,686 [main] INFO QA-Masud - ***********> As a user i can click on logout >**********
2020-11-17 21:49:18,182 [main] INFO QA-Masud - ***********> As a user i can see page Title >**********
2020-11-17 21:49:18,193 [main] INFO QA-Masud - ***********> as a user i can open any  browser >**********
2020-11-17 21:49:23,517 [main] INFO QA-Masud - ***********> As a user i can enter the url >**********
2020-11-17 21:49:25,449 [main] INFO QA-Masud - ***********> As a user i can enter user and password >**********
2020-11-17 21:49:25,788 [main] INFO QA-Masud - ***********> As a user i can Click on login button >**********
2020-11-17 21:49:28,312 [main] INFO QA-Masud - ***********> As a user i can verify the Home page >**********
2020-11-17 21:49:28,338 [main] INFO QA-Masud - ***********> As a user i can click on logout >**********
2020-11-17 21:49:29,621 [main] INFO QA-Masud - ***********> As a user i can see page Title >**********
2020-11-17 21:50:45,291 [main] INFO QA-Masud - ***********> as a user i can open any  browser >**********
2020-11-17 21:50:50,572 [main] INFO QA-Masud - ***********> As a user i can enter the url >**********
2020-11-17 21:50:52,457 [main] INFO QA-Masud - ***********> As a user i can enter user and password >**********
2020-11-17 21:50:52,670 [main] INFO QA-Masud - ***********> As a user i can Click on login button >**********
2020-11-17 21:50:54,655 [main] INFO QA-Masud - ***********> As a user i can verify the Home page >**********
2020-11-17 21:50:54,694 [main] INFO QA-Masud - ***********> As a user i can click on logout >**********
2020-11-17 21:50:55,726 [main] INFO QA-Masud - ***********> As a user i can see page Title >**********
2020-11-17 21:50:55,739 [main] INFO QA-Masud - ***********> as a user i can open any  browser >**********
2020-11-17 21:51:00,994 [main] INFO QA-Masud - ***********> As a user i can enter the url >**********
2020-11-17 21:51:02,914 [main] INFO QA-Masud - ***********> As a user i can enter user and password >**********
2020-11-17 21:51:03,107 [main] INFO QA-Masud - ***********> As a user i can Click on login button >**********
2020-11-17 21:51:05,581 [main] INFO QA-Masud - ***********> As a user i can verify the Home page >**********
2020-11-17 21:51:05,630 [main] INFO QA-Masud - ***********> As a user i can click on logout >**********
2020-11-17 21:51:06,885 [main] INFO QA-Masud - ***********> As a user i can see page Title >**********
2020-11-17 22:03:48,867 [main] INFO QA-Masud - ***********> as a user i can open any  browser >**********
2020-11-17 22:03:54,056 [main] INFO QA-Masud - ***********> As a user i can enter the url >**********
2020-11-17 22:03:56,108 [main] INFO QA-Masud - ***********> As a user i can enter user and password >**********
2020-11-17 22:03:56,283 [main] INFO QA-Masud - ***********> As a user i can Click on login button >**********
2020-11-17 22:03:58,209 [main] INFO QA-Masud - ***********> As a user i can verify the Home page >**********
2020-11-17 22:03:58,246 [main] INFO QA-Masud - ***********> As a user i can click on logout >**********
2020-11-17 22:03:59,898 [main] INFO QA-Masud - ***********> As a user i can see page Title >**********
2020-11-17 22:04:00,648 [main] INFO QA-Masud - ***********> as a user i can open any  browser >**********
2020-11-17 22:04:05,867 [main] INFO QA-Masud - ***********> As a user i can enter the url >**********
2020-11-17 22:04:07,366 [main] INFO QA-Masud - ***********> As a user i can enter user and password >**********
2020-11-17 22:04:07,548 [main] INFO QA-Masud - ***********> As a user i can Click on login button >**********
2020-11-17 22:04:10,059 [main] INFO QA-Masud - ***********> As a user i can verify the Home page >**********
2020-11-17 22:04:10,081 [main] INFO QA-Masud - ***********> As a user i can click on logout >**********
2020-11-17 22:04:11,177 [main] INFO QA-Masud - ***********> As a user i can see page Title >**********
2020-11-17 23:00:34,739 [main] INFO QA-Masud - ***********> as a user i can open any  browser >**********
2020-11-17 23:00:39,965 [main] INFO QA-Masud - ***********> As a user i can enter the url >**********
2020-11-17 23:00:41,828 [main] INFO QA-Masud - ***********> As a user i can enter user and password >**********
2020-11-17 23:00:42,013 [main] INFO QA-Masud - ***********> As a user i can Click on login button >**********
2020-11-17 23:00:44,752 [main] INFO QA-Masud - ***********> As a user i can verify the Home page >**********
2020-11-17 23:00:44,843 [main] INFO QA-Masud - ***********> As a user i can click on logout >**********
2020-11-17 23:00:45,915 [main] INFO QA-Masud - ***********> As a user i can see page Title >**********
2020-11-17 23:00:46,805 [main] INFO QA-Masud - ***********> as a user i can open any  browser >**********
2020-11-17 23:00:52,023 [main] INFO QA-Masud - ***********> As a user i can enter the url >**********
2020-11-17 23:00:53,965 [main] INFO QA-Masud - ***********> As a user i can enter user and password >**********
2020-11-17 23:00:54,144 [main] INFO QA-Masud - ***********> As a user i can Click on login button >**********
2020-11-17 23:00:56,067 [main] INFO QA-Masud - ***********> As a user i can verify the Home page >**********
2020-11-17 23:00:56,091 [main] INFO QA-Masud - ***********> As a user i can click on logout >**********
2020-11-17 23:00:57,446 [main] INFO QA-Masud - ***********> As a user i can see page Title >**********
2020-11-17 23:18:10,712 [main] INFO QA-Masud - ***********> as a user i can open any  browser >**********
2020-11-17 23:18:15,953 [main] INFO QA-Masud - ***********> As a user i can enter the url >**********
2020-11-17 23:18:18,818 [main] INFO QA-Masud - ***********> As a user i can enter user and password >**********
2020-11-17 23:18:18,977 [main] INFO QA-Masud - ***********> As a user i can Click on login button >**********
2020-11-17 23:18:22,048 [main] INFO QA-Masud - ***********> As a user i can verify the Home page >**********
2020-11-17 23:18:22,088 [main] INFO QA-Masud - ***********> As a user i can click on logout >**********
2020-11-17 23:18:24,046 [main] INFO QA-Masud - ***********> As a user i can see page Title >**********
2020-11-17 23:18:24,884 [main] INFO QA-Masud - ***********> as a user i can open any  browser >**********
2020-11-17 23:18:30,199 [main] INFO QA-Masud - ***********> As a user i can enter the url >**********
2020-11-17 23:18:32,519 [main] INFO QA-Masud - ***********> As a user i can enter user and password >**********
2020-11-17 23:18:32,695 [main] INFO QA-Masud - ***********> As a user i can Click on login button >**********
2020-11-17 23:18:35,753 [main] INFO QA-Masud - ***********> As a user i can verify the Home page >**********
2020-11-17 23:18:35,771 [main] INFO QA-Masud - ***********> As a user i can click on logout >**********
2020-11-17 23:18:37,442 [main] INFO QA-Masud - ***********> As a user i can see page Title >**********
2020-11-18 01:07:13,746 [main] INFO QA-Masud - ***********> as a user i can open any  browser >**********
2020-11-18 01:07:18,937 [main] INFO QA-Masud - ***********> As a user i can enter the url >**********
2020-11-18 01:07:20,464 [main] INFO QA-Masud - ***********> As a user i can enter user and password >**********
2020-11-18 01:07:20,595 [main] INFO QA-Masud - ***********> As a user i can Click on login button >**********
2020-11-18 01:07:22,930 [main] INFO QA-Masud - ***********> As a user i can verify the Home page >**********
2020-11-18 01:07:22,951 [main] INFO QA-Masud - ***********> As a user i can click on logout >**********
2020-11-18 01:07:23,777 [main] INFO QA-Masud - ***********> As a user i can see page Title >**********
2020-11-18 01:07:24,891 [main] INFO QA-Masud - ***********> as a user i can open any  browser >**********
2020-11-18 01:07:30,048 [main] INFO QA-Masud - ***********> As a user i can enter the url >**********
2020-11-18 01:07:31,760 [main] INFO QA-Masud - ***********> As a user i can enter user and password >**********
2020-11-18 01:07:31,887 [main] INFO QA-Masud - ***********> As a user i can Click on login button >**********
2020-11-18 01:07:33,957 [main] INFO QA-Masud - ***********> As a user i can verify the Home page >**********
2020-11-18 01:07:33,979 [main] INFO QA-Masud - ***********> As a user i can click on logout >**********
2020-11-18 01:07:34,894 [main] INFO QA-Masud - ***********> As a user i can see page Title >**********
2020-11-18 01:10:19,902 [main] INFO QA-Masud - ***********> as a user i can open any  browser >**********
2020-11-18 01:10:25,094 [main] INFO QA-Masud - ***********> As a user i can enter the url >**********
2020-11-18 01:10:26,479 [main] INFO QA-Masud - ***********> As a user i can enter user and password >**********
2020-11-18 01:10:26,628 [main] INFO QA-Masud - ***********> As a user i can Click on login button >**********
2020-11-18 01:10:28,958 [main] INFO QA-Masud - ***********> As a user i can verify the Home page >**********
2020-11-18 01:10:29,002 [main] INFO QA-Masud - ***********> As a user i can click on logout >**********
2020-11-18 01:10:30,400 [main] INFO QA-Masud - ***********> As a user i can see page Title >**********
2020-11-18 01:10:31,124 [main] INFO QA-Masud - ***********> as a user i can open any  browser >**********
2020-11-18 01:10:36,275 [main] INFO QA-Masud - ***********> As a user i can enter the url >**********
2020-11-18 01:10:37,763 [main] INFO QA-Masud - ***********> As a user i can enter user and password >**********
2020-11-18 01:10:37,890 [main] INFO QA-Masud - ***********> As a user i can Click on login button >**********
2020-11-18 01:10:40,312 [main] INFO QA-Masud - ***********> As a user i can verify the Home page >**********
2020-11-18 01:10:40,373 [main] INFO QA-Masud - ***********> As a user i can click on logout >**********
2020-11-18 01:10:41,500 [main] INFO QA-Masud - ***********> As a user i can see page Title >**********
2020-11-18 19:13:04,305 [main] INFO QA-Masud - ***********> as a user i can open any  browser >**********
2020-11-18 19:13:09,554 [main] INFO QA-Masud - ***********> As a user i can enter the url >**********
2020-11-18 19:13:12,226 [main] INFO QA-Masud - ***********> As a user i can enter user and password >**********
2020-11-18 19:13:12,403 [main] INFO QA-Masud - ***********> As a user i can Click on login button >**********
2020-11-18 19:13:26,611 [main] INFO QA-Masud - ***********> As a user i can verify the Home page >**********
2020-11-18 19:13:26,680 [main] INFO QA-Masud - ***********> As a user i can click on logout >**********
2020-11-18 19:13:28,084 [main] INFO QA-Masud - ***********> As a user i can see page Title >**********
2020-11-18 19:13:28,931 [main] INFO QA-Masud - ***********> as a user i can open any  browser >**********
2020-11-18 19:13:34,148 [main] INFO QA-Masud - ***********> As a user i can enter the url >**********
2020-11-18 19:13:36,787 [main] INFO QA-Masud - ***********> As a user i can enter user and password >**********
2020-11-18 19:13:36,952 [main] INFO QA-Masud - ***********> As a user i can Click on login button >**********
2020-11-18 19:13:39,945 [main] INFO QA-Masud - ***********> As a user i can verify the Home page >**********
2020-11-18 19:13:39,972 [main] INFO QA-Masud - ***********> As a user i can click on logout >**********
2020-11-18 19:13:41,814 [main] INFO QA-Masud - ***********> As a user i can see page Title >**********
2020-11-18 19:24:33,104 [main] INFO QA-Masud - ***********> as a user i can open any  browser >**********
2020-11-18 19:24:38,337 [main] INFO QA-Masud - ***********> As a user i can enter the url >**********
2020-11-18 19:24:39,776 [main] INFO QA-Masud - ***********> As a user i can enter user and password >**********
2020-11-18 19:24:39,969 [main] INFO QA-Masud - ***********> As a user i can Click on login button >**********
2020-11-18 19:24:42,200 [main] INFO QA-Masud - ***********> As a user i can verify the Home page >**********
2020-11-18 19:24:42,235 [main] INFO QA-Masud - ***********> As a user i can click on logout >**********
2020-11-18 19:24:43,475 [main] INFO QA-Masud - ***********> As a user i can see page Title >**********
2020-11-18 19:24:44,310 [main] INFO QA-Masud - ***********> as a user i can open any  browser >**********
2020-11-18 19:24:49,577 [main] INFO QA-Masud - ***********> As a user i can enter the url >**********
2020-11-18 19:24:51,442 [main] INFO QA-Masud - ***********> As a user i can enter user and password >**********
2020-11-18 19:24:51,619 [main] INFO QA-Masud - ***********> As a user i can Click on login button >**********
2020-11-18 19:24:54,045 [main] INFO QA-Masud - ***********> As a user i can verify the Home page >**********
2020-11-18 19:24:54,069 [main] INFO QA-Masud - ***********> As a user i can click on logout >**********
2020-11-18 19:24:55,132 [main] INFO QA-Masud - ***********> As a user i can see page Title >**********
2020-11-18 19:26:18,949 [main] INFO QA-Masud - ***********> as a user i can open any  browser >**********
2020-11-18 19:26:24,214 [main] INFO QA-Masud - ***********> As a user i can enter the url >**********
2020-11-18 19:26:26,110 [main] INFO QA-Masud - ***********> As a user i can enter user and password >**********
2020-11-18 19:26:26,321 [main] INFO QA-Masud - ***********> As a user i can Click on login button >**********
2020-11-18 19:26:28,329 [main] INFO QA-Masud - ***********> As a user i can verify the Home page >**********
2020-11-18 19:26:28,435 [main] INFO QA-Masud - ***********> As a user i can click on logout >**********
2020-11-18 19:26:29,446 [main] INFO QA-Masud - ***********> As a user i can see page Title >**********
2020-11-18 19:26:30,296 [main] INFO QA-Masud - ***********> as a user i can open any  browser >**********
2020-11-18 19:26:35,460 [main] INFO QA-Masud - ***********> As a user i can enter the url >**********
2020-11-18 19:26:37,345 [main] INFO QA-Masud - ***********> As a user i can enter user and password >**********
2020-11-18 19:26:37,535 [main] INFO QA-Masud - ***********> As a user i can Click on login button >**********
2020-11-18 19:26:39,955 [main] INFO QA-Masud - ***********> As a user i can verify the Home page >**********
2020-11-18 19:26:39,979 [main] INFO QA-Masud - ***********> As a user i can click on logout >**********
2020-11-18 19:26:41,041 [main] INFO QA-Masud - ***********> As a user i can see page Title >**********
2020-11-18 19:42:06,584 [main] INFO QA-Masud - ***********> as a user i can open any  browser >**********
2020-11-18 19:42:11,813 [main] INFO QA-Masud - ***********> As a user i can enter the url >**********
2020-11-18 19:42:14,327 [main] INFO QA-Masud - ***********> As a user i can enter user and password >**********
2020-11-18 19:42:14,508 [main] INFO QA-Masud - ***********> As a user i can Click on login button >**********
2020-11-18 19:42:17,328 [main] INFO QA-Masud - ***********> As a user i can verify the Home page >**********
2020-11-18 19:42:17,376 [main] INFO QA-Masud - ***********> As a user i can click on logout >**********
2020-11-18 19:42:18,888 [main] INFO QA-Masud - ***********> As a user i can see page Title >**********
2020-11-18 19:42:19,711 [main] INFO QA-Masud - ***********> as a user i can open any  browser >**********
2020-11-18 19:42:24,943 [main] INFO QA-Masud - ***********> As a user i can enter the url >**********
2020-11-18 19:42:27,411 [main] INFO QA-Masud - ***********> As a user i can enter user and password >**********
2020-11-18 19:42:27,624 [main] INFO QA-Masud - ***********> As a user i can Click on login button >**********
2020-11-18 19:42:30,760 [main] INFO QA-Masud - ***********> As a user i can verify the Home page >**********
2020-11-18 19:42:30,780 [main] INFO QA-Masud - ***********> As a user i can click on logout >**********
2020-11-18 19:42:31,730 [main] INFO QA-Masud - ***********> As a user i can see page Title >**********
2020-11-18 19:46:41,138 [main] INFO QA-Masud - ***********> as a user i can open any  browser >**********
2020-11-18 19:46:46,350 [main] INFO QA-Masud - ***********> As a user i can enter the url >**********
2020-11-18 19:46:49,131 [main] INFO QA-Masud - ***********> As a user i can enter user and password >**********
2020-11-18 19:46:49,303 [main] INFO QA-Masud - ***********> As a user i can Click on login button >**********
2020-11-18 19:46:52,020 [main] INFO QA-Masud - ***********> As a user i can verify the Home page >**********
2020-11-18 19:46:52,079 [main] INFO QA-Masud - ***********> As a user i can click on logout >**********
2020-11-18 19:46:53,098 [main] INFO QA-Masud - ***********> As a user i can see page Title >**********
2020-11-18 19:46:53,909 [main] INFO QA-Masud - ***********> as a user i can open any  browser >**********
2020-11-18 19:46:59,144 [main] INFO QA-Masud - ***********> As a user i can enter the url >**********
2020-11-18 19:47:11,249 [main] INFO QA-Masud - ***********> As a user i can enter user and password >**********
2020-11-18 19:47:11,413 [main] INFO QA-Masud - ***********> As a user i can Click on login button >**********
2020-11-18 19:47:13,956 [main] INFO QA-Masud - ***********> As a user i can verify the Home page >**********
2020-11-18 19:47:13,973 [main] INFO QA-Masud - ***********> As a user i can click on logout >**********
2020-11-18 19:47:15,226 [main] INFO QA-Masud - ***********> As a user i can see page Title >**********
2020-11-18 19:56:01,430 [main] INFO QA-Masud - ***********> as a user i can open any  browser >**********
2020-11-18 19:56:06,679 [main] INFO QA-Masud - ***********> As a user i can enter the url >**********
2020-11-18 19:56:09,037 [main] INFO QA-Masud - ***********> As a user i can enter user and password >**********
2020-11-18 19:56:09,193 [main] INFO QA-Masud - ***********> As a user i can Click on login button >**********
2020-11-18 19:56:12,077 [main] INFO QA-Masud - ***********> As a user i can verify the Home page >**********
2020-11-18 19:56:12,131 [main] INFO QA-Masud - ***********> As a user i can click on logout >**********
2020-11-18 19:56:13,282 [main] INFO QA-Masud - ***********> As a user i can see page Title >**********
2020-11-18 19:56:14,118 [main] INFO QA-Masud - ***********> as a user i can open any  browser >**********
2020-11-18 19:56:19,347 [main] INFO QA-Masud - ***********> As a user i can enter the url >**********
2020-11-18 19:56:20,924 [main] INFO QA-Masud - ***********> As a user i can enter user and password >**********
2020-11-18 19:56:21,114 [main] INFO QA-Masud - ***********> As a user i can Click on login button >**********
2020-11-18 19:56:24,076 [main] INFO QA-Masud - ***********> As a user i can verify the Home page >**********
2020-11-18 19:56:24,096 [main] INFO QA-Masud - ***********> As a user i can click on logout >**********
2020-11-18 19:56:25,468 [main] INFO QA-Masud - ***********> As a user i can see page Title >**********
2020-11-18 19:57:35,558 [main] INFO QA-Masud - ***********> as a user i can open any  browser >**********
2020-11-18 19:57:40,746 [main] INFO QA-Masud - ***********> As a user i can enter the url >**********
2020-11-18 19:57:43,288 [main] INFO QA-Masud - ***********> As a user i can enter user and password >**********
2020-11-18 19:57:43,479 [main] INFO QA-Masud - ***********> As a user i can Click on login button >**********
2020-11-18 19:57:45,921 [main] INFO QA-Masud - ***********> As a user i can verify the Home page >**********
2020-11-18 19:57:45,969 [main] INFO QA-Masud - ***********> As a user i can click on logout >**********
2020-11-18 19:57:46,949 [main] INFO QA-Masud - ***********> As a user i can see page Title >**********
2020-11-18 19:57:47,685 [main] INFO QA-Masud - ***********> as a user i can open any  browser >**********
2020-11-18 19:57:52,881 [main] INFO QA-Masud - ***********> As a user i can enter the url >**********
2020-11-18 19:57:55,547 [main] INFO QA-Masud - ***********> As a user i can enter user and password >**********
2020-11-18 19:57:55,704 [main] INFO QA-Masud - ***********> As a user i can Click on login button >**********
2020-11-18 19:57:58,636 [main] INFO QA-Masud - ***********> As a user i can verify the Home page >**********
2020-11-18 19:57:58,660 [main] INFO QA-Masud - ***********> As a user i can click on logout >**********
2020-11-18 19:57:59,874 [main] INFO QA-Masud - ***********> As a user i can see page Title >**********
2020-11-18 23:16:08,269 [main] INFO QA-Masud - ***********> as a user i can open any  browser >**********
2020-11-18 23:16:08,295 [main] INFO QA-Masud - ***********> as a user i can open any  browser >**********
2020-11-18 23:18:22,622 [main] INFO QA-Masud - ***********> as a user i can open any  browser >**********
2020-11-18 23:18:22,632 [main] INFO QA-Masud - ***********> as a user i can open any  browser >**********
2020-11-18 23:42:25,159 [main] INFO QA-Masud - ***********> as a user i can open any  browser >**********
2020-11-18 23:42:25,170 [main] INFO QA-Masud - ***********> as a user i can open any  browser >**********
2020-11-18 23:50:44,281 [main] INFO QA-Masud - ***********> as a user i can open any  browser >**********
2020-11-18 23:50:44,290 [main] INFO QA-Masud - ***********> as a user i can open any  browser >**********
2020-11-18 23:56:08,849 [main] INFO QA-Masud - ***********> as a user i can open any  browser >**********
2020-11-18 23:56:08,859 [main] INFO QA-Masud - ***********> as a user i can open any  browser >**********
2020-11-19 00:06:34,775 [main] INFO QA-Masud - ***********> as a user i can open any  browser >**********
2020-11-19 00:06:34,785 [main] INFO QA-Masud - ***********> as a user i can open any  browser >**********
2020-11-19 00:10:24,296 [main] INFO QA-Masud - ***********> as a user i can open any  browser >**********
2020-11-19 00:10:24,305 [main] INFO QA-Masud - ***********> as a user i can open any  browser >**********
2020-11-19 00:15:08,725 [main] INFO QA-Masud - ***********> as a user i can open any  browser >**********
2020-11-19 00:15:08,734 [main] INFO QA-Masud - ***********> as a user i can open any  browser >**********
2020-11-19 00:23:40,060 [main] INFO QA-Masud - ***********> as a user i can open any  browser >**********
2020-11-19 00:23:40,069 [main] INFO QA-Masud - ***********> as a user i can open any  browser >**********
2020-11-19 00:28:36,343 [main] INFO QA-Masud - ***********> as a user i can open any  browser >**********
2020-11-19 00:28:36,355 [main] INFO QA-Masud - ***********> as a user i can open any  browser >**********
2020-11-19 00:30:49,002 [main] INFO QA-Masud - ***********> as a user i can open any  browser >**********
2020-11-19 00:30:49,013 [main] INFO QA-Masud - ***********> as a user i can open any  browser >**********
2020-11-19 00:37:10,326 [main] INFO QA-Masud - ***********> as a user i can open any  browser >**********
2020-11-19 00:37:10,340 [main] INFO QA-Masud - ***********> as a user i can open any  browser >**********
2020-11-19 23:53:09,343 [main] INFO QA-Masud - ***********> as a user i can open any  browser >**********
2020-11-19 23:53:09,358 [main] INFO QA-Masud - ***********> as a user i can open any  browser >**********
2020-11-19 23:56:07,816 [main] INFO QA-Masud - ***********> as a user i can open any  browser >**********
2020-11-19 23:56:07,829 [main] INFO QA-Masud - ***********> as a user i can open any  browser >**********
2020-11-20 00:40:41,695 [main] INFO QA-Masud - ***********> as a user i can open any  browser >**********
2020-11-20 00:40:41,706 [main] INFO QA-Masud - ***********> as a user i can open any  browser >**********
2020-11-20 01:04:05,897 [main] INFO QA-Masud - ***********> as a user i can open any  browser >**********
2020-11-20 01:04:05,910 [main] INFO QA-Masud - ***********> as a user i can open any  browser >**********
2020-11-20 01:04:05,961 [main] INFO QA-Masud - ***********> as a user i can open any  browser >**********
2020-11-20 01:04:05,971 [main] INFO QA-Masud - ***********> as a user i can open any  browser >**********
2020-11-20 01:17:19,513 [main] INFO QA-Masud - ***********> as a user i can open any  browser >**********
2020-11-20 01:17:19,528 [main] INFO QA-Masud - ***********> as a user i can open any  browser >**********
2020-11-20 01:21:40,629 [main] INFO QA-Masud - ***********> as a user i can open any  browser >**********
2020-11-20 01:21:40,639 [main] INFO QA-Masud - ***********> as a user i can open any  browser >**********
2020-11-21 00:43:57,228 [main] INFO QA-Masud - ***********> as a user i can open any  browser >**********
2020-11-21 00:43:57,241 [main] INFO QA-Masud - ***********> as a user i can open any  browser >**********
2020-11-21 00:51:27,669 [main] INFO QA-Masud - ***********> as a user i can open any  browser >**********
2020-11-21 00:51:27,683 [main] INFO QA-Masud - ***********> as a user i can open any  browser >**********
2020-11-21 22:44:42,579 [main] INFO QA-Masud - ***********> as a user i can open any  browser >**********
2020-11-21 22:44:42,592 [main] INFO QA-Masud - ***********> as a user i can open any  browser >**********
2020-11-21 22:49:03,881 [main] INFO QA-Masud - ***********> as a user i can open any  browser >**********
2020-11-21 22:49:03,895 [main] INFO QA-Masud - ***********> as a user i can open any  browser >**********
2020-11-21 22:59:56,045 [main] INFO QA-Masud - ***********> as a user i can open any  browser >**********
2020-11-21 23:00:01,212 [main] INFO QA-Masud - ***********> As a user i can enter the url >**********
2020-11-21 23:00:03,183 [main] INFO QA-Masud - ***********> As a user i can enter user and password >**********
2020-11-21 23:00:03,329 [main] INFO QA-Masud - ***********> As a user i can Click on login button >**********
2020-11-21 23:00:05,454 [main] INFO QA-Masud - ***********> As a user i can verify the Home page >**********
2020-11-21 23:00:05,480 [main] INFO QA-Masud - ***********> As a user i can click on logout >**********
2020-11-21 23:00:06,633 [main] INFO QA-Masud - ***********> As a user i can see page Title >**********
2020-11-21 23:00:07,366 [main] INFO QA-Masud - ***********> as a user i can open any  browser >**********
2020-11-21 23:00:12,447 [main] INFO QA-Masud - ***********> As a user i can enter the url >**********
2020-11-21 23:00:14,169 [main] INFO QA-Masud - ***********> As a user i can enter user and password >**********
2020-11-21 23:00:14,313 [main] INFO QA-Masud - ***********> As a user i can Click on login button >**********
2020-11-21 23:00:15,983 [main] INFO QA-Masud - ***********> As a user i can verify the Home page >**********
2020-11-21 23:00:15,999 [main] INFO QA-Masud - ***********> As a user i can click on logout >**********
2020-11-21 23:00:17,236 [main] INFO QA-Masud - ***********> As a user i can see page Title >**********
2020-11-21 23:50:37,600 [main] INFO QA-Masud - ***********> as a user i can open any  browser >**********
2020-11-21 23:50:42,763 [main] INFO QA-Masud - ***********> As a user i can enter the url >**********
2020-11-21 23:50:44,508 [main] INFO QA-Masud - ***********> As a user i can enter user and password >**********
2020-11-21 23:50:44,636 [main] INFO QA-Masud - ***********> As a user i can Click on login button >**********
2020-11-21 23:50:46,666 [main] INFO QA-Masud - ***********> As a user i can verify the Home page >**********
2020-11-21 23:50:46,688 [main] INFO QA-Masud - ***********> As a user i can click on logout >**********
2020-11-21 23:50:47,489 [main] INFO QA-Masud - ***********> As a user i can see page Title >**********
2020-11-21 23:50:48,195 [main] INFO QA-Masud - ***********> as a user i can open any  browser >**********
2020-11-21 23:50:53,364 [main] INFO QA-Masud - ***********> As a user i can enter the url >**********
2020-11-21 23:50:54,751 [main] INFO QA-Masud - ***********> As a user i can enter user and password >**********
2020-11-21 23:50:54,898 [main] INFO QA-Masud - ***********> As a user i can Click on login button >**********
2020-11-21 23:50:57,285 [main] INFO QA-Masud - ***********> As a user i can verify the Home page >**********
2020-11-21 23:50:57,300 [main] INFO QA-Masud - ***********> As a user i can click on logout >**********
2020-11-21 23:50:58,443 [main] INFO QA-Masud - ***********> As a user i can see page Title >**********
2020-11-23 01:14:33,347 [main] INFO QA-Masud - ***********> as a user i can open any  browser >**********
2020-11-23 01:14:38,542 [main] INFO QA-Masud - ***********> As a user i can enter the url >**********
2020-11-23 01:14:40,008 [main] INFO QA-Masud - ***********> As a user i can enter user and password >**********
2020-11-23 01:14:40,077 [main] INFO QA-Masud - ***********> As a user i can enter user and password >**********
2020-11-23 01:14:40,135 [main] INFO QA-Masud - ***********> As a user i can Click on login button >**********
2020-11-23 01:22:12,541 [main] INFO QA-Masud - ***********> as a user i can open any  browser >**********
2020-11-23 01:22:17,720 [main] INFO QA-Masud - ***********> As a user i can enter the url >**********
2020-11-23 01:22:19,513 [main] INFO QA-Masud - ***********> As a user i can enter user and password >**********
2020-11-23 01:22:19,581 [main] INFO QA-Masud - ***********> As a user i can enter user and password >**********
2020-11-23 01:22:19,640 [main] INFO QA-Masud - ***********> As a user i can Click on login button >**********
2020-11-23 01:58:39,798 [main] INFO QA-Masud - ***********> as a user i can open any  browser >**********
2020-11-23 01:58:45,011 [main] INFO QA-Masud - ***********> As a user i can enter the url >**********
2020-11-23 01:58:46,435 [main] INFO QA-Masud - ***********> As a user i can enter user and password >**********
2020-11-23 01:58:46,539 [main] INFO QA-Masud - ***********> As a user i can enter user and password >**********
2020-11-23 01:58:46,597 [main] INFO QA-Masud - ***********> As a user i can Click on login button >**********
2020-11-23 01:58:48,754 [main] INFO QA-Masud - ***********> As a user i can verify the Home page >**********
2020-11-23 01:58:48,770 [main] INFO QA-Masud - ***********> As a user i can click on logout >**********
2020-11-23 01:58:49,903 [main] INFO QA-Masud - ***********> As a user i can see page Title >**********
2020-11-24 23:32:57,355 [main] INFO QA-Masud - ***********> as a user i can open any  browser >**********
2020-11-24 23:33:02,654 [main] INFO QA-Masud - ***********> As a user i can enter the url >**********
2020-11-24 23:33:04,303 [main] INFO QA-Masud - ***********> As a user i can enter user and password >**********
2020-11-24 23:33:04,522 [main] INFO QA-Masud - ***********> As a user i can enter user and password >**********
2020-11-24 23:33:04,601 [main] INFO QA-Masud - ***********> As a user i can Click on login button >**********
2020-11-24 23:33:06,929 [main] INFO QA-Masud - ***********> As a user i can verify the Home page >**********
2020-11-24 23:33:06,967 [main] INFO QA-Masud - ***********> As a user i can click on logout >**********
2020-11-24 23:33:08,075 [main] INFO QA-Masud - ***********> As a user i can see page Title >**********
2020-11-24 23:39:57,795 [main] INFO QA-Masud - ***********> as a user i can open any  browser >**********
2020-11-24 23:40:03,000 [main] INFO QA-Masud - ***********> As a user i can enter the url >**********
2020-11-24 23:40:04,555 [main] INFO QA-Masud - ***********> As a user i can enter user and password >**********
2020-11-24 23:40:04,763 [main] INFO QA-Masud - ***********> As a user i can enter user and password >**********
2020-11-24 23:40:04,848 [main] INFO QA-Masud - ***********> As a user i can Click on login button >**********
2020-11-24 23:40:08,136 [main] INFO QA-Masud - ***********> As a user i can verify the Home page >**********
2020-11-24 23:40:08,173 [main] INFO QA-Masud - ***********> As a user i can click on logout >**********
2020-11-24 23:40:09,246 [main] INFO QA-Masud - ***********> As a user i can see page Title >**********
2020-11-25 00:33:07,198 [main] INFO QA-Masud - ***********> as a user i can open any  browser >**********
2020-11-25 00:33:12,479 [main] INFO QA-Masud - ***********> As a user i can enter the url >**********
2020-11-25 00:33:14,253 [main] INFO QA-Masud - ***********> As a user i can enter user and password >**********
2020-11-25 00:33:14,483 [main] INFO QA-Masud - ***********> As a user i can enter user and password >**********
2020-11-25 00:33:14,559 [main] INFO QA-Masud - ***********> As a user i can Click on login button >**********
2020-11-25 00:33:16,372 [main] INFO QA-Masud - ***********> As a user i can verify the Home page >**********
2020-11-25 00:33:16,405 [main] INFO QA-Masud - ***********> As a user i can click on logout >**********
2020-11-25 00:33:17,436 [main] INFO QA-Masud - ***********> As a user i can see page Title >**********
2020-11-25 23:38:23,551 [main] INFO QA-Masud - ***********> as a user i can open any  browser >**********
2020-11-25 23:38:28,727 [main] INFO QA-Masud - ***********> As a user i can enter the url >**********
2020-11-25 23:38:30,150 [main] INFO QA-Masud - ***********> As a user i can enter user and password >**********
2020-11-25 23:38:30,268 [main] INFO QA-Masud - ***********> As a user i can enter user and password >**********
2020-11-25 23:38:30,324 [main] INFO QA-Masud - ***********> As a user i can Click on login button >**********
2020-11-25 23:38:32,397 [main] INFO QA-Masud - ***********> As a user i can verify the Home page >**********
2020-11-25 23:38:32,421 [main] INFO QA-Masud - ***********> As a user i can click on logout >**********
2020-11-25 23:38:33,570 [main] INFO QA-Masud - ***********> As a user i can see page Title >**********
2020-11-26 08:21:57,866 [main] INFO QA-Masud - ***********> as a user i can open any  browser >**********
2020-11-26 08:22:03,062 [main] INFO QA-Masud - ***********> As a user i can enter the url >**********
2020-11-26 08:22:04,907 [main] INFO QA-Masud - ***********> As a user i can enter user and password >**********
2020-11-26 08:22:05,009 [main] INFO QA-Masud - ***********> As a user i can enter user and password >**********
2020-11-26 08:22:05,069 [main] INFO QA-Masud - ***********> As a user i can Click on login button >**********
2020-11-26 08:22:07,439 [main] INFO QA-Masud - ***********> As a user i can verify the Home page >**********
2020-11-26 08:22:07,459 [main] INFO QA-Masud - ***********> As a user i can click on logout >**********
2020-11-26 08:22:08,659 [main] INFO QA-Masud - ***********> As a user i can see page Title >**********
2020-12-06 00:57:57,712 [main] INFO QA-Masud - Test started : Nopackage
2020-12-06 00:58:10,438 [main] INFO QA-Masud - ***********> as a user i can open any  browser >**********
2020-12-06 00:58:15,615 [main] INFO QA-Masud - ***********> As a user i can enter the url >**********
2020-12-06 00:58:22,577 [main] INFO QA-Masud - ***********> As a user i can enter user and password >**********
2020-12-06 00:58:22,813 [main] INFO QA-Masud - ***********> As a user i can enter user and password >**********
2020-12-06 00:58:22,897 [main] INFO QA-Masud - ***********> As a user i can Click on login button >**********
2020-12-06 00:58:26,090 [main] INFO QA-Masud - ***********> As a user i can verify the Home page >**********
2020-12-06 00:58:26,159 [main] INFO QA-Masud - ***********> As a user i can click on logout >**********
2020-12-06 00:58:27,227 [main] INFO QA-Masud - ***********> As a user i can see page Title >**********
2020-12-11 22:29:57,232 [main] INFO QA-Masud - Test started : Nopackage
2020-12-11 22:30:07,243 [main] INFO QA-Masud - ***********> as a user i can open any  browser >**********
2020-12-11 22:30:12,328 [main] INFO QA-Masud - ***********> As a user i can enter the url >**********
2020-12-11 22:30:19,176 [main] INFO QA-Masud - ***********> As a user i can enter user and password >**********
2020-12-11 22:30:19,297 [main] INFO QA-Masud - ***********> As a user i can enter user and password >**********
2020-12-11 22:30:19,364 [main] INFO QA-Masud - ***********> As a user i can Click on login button >**********
2020-12-11 22:30:21,707 [main] INFO QA-Masud - ***********> As a user i can verify the Home page >**********
2020-12-11 22:30:21,735 [main] INFO QA-Masud - ***********> As a user i can click on logout >**********
2020-12-11 22:30:22,645 [main] INFO QA-Masud - ***********> As a user i can see page Title >**********
2020-12-11 22:38:05,420 [main] INFO QA-Masud - Test started : Nopackage
2020-12-11 22:38:15,333 [main] INFO QA-Masud - ***********> as a user i can open any  browser >**********
2020-12-11 22:38:20,464 [main] INFO QA-Masud - ***********> As a user i can enter the url >**********
2020-12-11 22:38:27,353 [main] INFO QA-Masud - ***********> As a user i can enter user and password >**********
2020-12-11 22:38:27,465 [main] INFO QA-Masud - ***********> As a user i can enter user and password >**********
2020-12-11 22:38:27,529 [main] INFO QA-Masud - ***********> As a user i can Click on login button >**********
2020-12-11 22:38:30,327 [main] INFO QA-Masud - ***********> As a user i can verify the Home page >**********
2020-12-11 22:38:30,355 [main] INFO QA-Masud - ***********> As a user i can click on logout >**********
2020-12-11 22:38:31,243 [main] INFO QA-Masud - ***********> As a user i can see page Title >**********
2020-12-15 22:09:24,180 [main] INFO QA-Masud - Test started : Nopackage
2020-12-15 22:09:34,760 [main] INFO QA-Masud - ***********> as a user i can open any  browser >**********
2020-12-15 22:09:40,005 [main] INFO QA-Masud - ***********> As a user i can enter the url >**********
2020-12-15 22:09:47,342 [main] INFO QA-Masud - ***********> As a user i can enter user and password >**********
2020-12-15 22:09:47,635 [main] INFO QA-Masud - ***********> As a user i can enter user and password >**********
2020-12-15 22:09:47,714 [main] INFO QA-Masud - ***********> As a user i can Click on login button >**********
2020-12-15 22:09:50,835 [main] INFO QA-Masud - ***********> As a user i can verify the Home page >**********
2020-12-15 22:09:50,867 [main] INFO QA-Masud - ***********> As a user i can click on logout >**********
2020-12-15 22:09:52,629 [main] INFO QA-Masud - ***********> As a user i can see page Title >**********
2020-12-21 23:44:44,988 [main] INFO QA-Masud - Test started : Nopackage
2020-12-21 23:44:58,674 [main] INFO QA-Masud - ***********> as a user i can open any  browser >**********
2020-12-21 23:45:03,914 [main] INFO QA-Masud - ***********> As a user i can enter the url >**********
2020-12-21 23:45:10,576 [main] INFO QA-Masud - ***********> As a user i can enter user and password >**********
2020-12-21 23:45:10,775 [main] INFO QA-Masud - ***********> As a user i can enter user and password >**********
2020-12-21 23:45:10,862 [main] INFO QA-Masud - ***********> As a user i can Click on login button >**********
2020-12-21 23:45:13,754 [main] INFO QA-Masud - ***********> As a user i can verify the Home page >**********
2020-12-21 23:45:13,863 [main] INFO QA-Masud - ***********> As a user i can click on logout >**********
2020-12-21 23:45:15,172 [main] INFO QA-Masud - ***********> As a user i can see page Title >**********
2020-12-23 10:24:17,392 [main] INFO QA-Masud - Test started : Nopackage
2020-12-23 10:24:28,742 [main] INFO QA-Masud - ***********> as a user i can open any  browser >**********
2020-12-23 10:24:33,900 [main] INFO QA-Masud - ***********> As a user i can enter the url >**********
2020-12-23 10:24:40,060 [main] INFO QA-Masud - ***********> As a user i can enter user and password >**********
2020-12-23 10:24:40,211 [main] INFO QA-Masud - ***********> As a user i can enter user and password >**********
2020-12-23 10:24:40,276 [main] INFO QA-Masud - ***********> As a user i can Click on login button >**********
2020-12-23 10:24:42,722 [main] INFO QA-Masud - ***********> As a user i can verify the Home page >**********
2020-12-23 10:24:42,742 [main] INFO QA-Masud - ***********> As a user i can click on logout >**********
2020-12-23 10:24:44,270 [main] INFO QA-Masud - ***********> As a user i can see page Title >**********
2020-12-23 10:30:32,985 [main] INFO QA-Masud - Test started : Nopackage
2020-12-23 10:30:42,951 [main] INFO QA-Masud - ***********> as a user i can open any  browser >**********
2020-12-23 10:30:48,174 [main] INFO QA-Masud - ***********> As a user i can enter the url >**********
2020-12-23 10:30:54,958 [main] INFO QA-Masud - ***********> As a user i can enter user and password >**********
2020-12-23 10:30:55,101 [main] INFO QA-Masud - ***********> As a user i can enter user and password >**********
2020-12-23 10:30:55,161 [main] INFO QA-Masud - ***********> As a user i can Click on login button >**********
2020-12-23 10:30:57,863 [main] INFO QA-Masud - ***********> As a user i can verify the Home page >**********
2020-12-23 10:30:57,884 [main] INFO QA-Masud - ***********> As a user i can click on logout >**********
2020-12-23 10:30:58,687 [main] INFO QA-Masud - ***********> As a user i can see page Title >**********
